<?xml version="1.0" encoding="utf-8"?><testsuites name="pytest tests"><testsuite name="pytest" errors="0" failures="4" skipped="0" tests="12" time="1.101" timestamp="2026-01-11T03:56:28.619748+00:00" hostname="agent-env-c6a9d646-4ea7-456e-8a1b-5e89fc8be69d"><testcase classname="tests.test_prelaunch_features.TestDemoAccount" name="test_demo_login_endpoint" time="0.068" /><testcase classname="tests.test_prelaunch_features.TestDemoAccount" name="test_demo_login_multiple_times" time="0.078" /><testcase classname="tests.test_prelaunch_features.TestForgotPassword" name="test_forgot_password_existing_user" time="0.042"><failure message="assert 422 == 200&#10; +  where 422 = &lt;Response [422]&gt;.status_code">tests/test_prelaunch_features.py:64: in test_forgot_password_existing_user
    assert response.status_code == 200
E   assert 422 == 200
E    +  where 422 = &lt;Response [422]&gt;.status_code</failure></testcase><testcase classname="tests.test_prelaunch_features.TestForgotPassword" name="test_forgot_password_nonexistent_user" time="0.035"><failure message="assert 422 == 200&#10; +  where 422 = &lt;Response [422]&gt;.status_code">tests/test_prelaunch_features.py:84: in test_forgot_password_nonexistent_user
    assert response.status_code == 200
E   assert 422 == 200
E    +  where 422 = &lt;Response [422]&gt;.status_code</failure></testcase><testcase classname="tests.test_prelaunch_features.TestForgotPassword" name="test_reset_password_with_token" time="0.041" /><testcase classname="tests.test_prelaunch_features.TestForgotPassword" name="test_reset_password_invalid_token" time="0.041"><failure message="assert 422 == 400&#10; +  where 422 = &lt;Response [422]&gt;.status_code">tests/test_prelaunch_features.py:125: in test_reset_password_invalid_token
    assert response.status_code == 400
E   assert 422 == 400
E    +  where 422 = &lt;Response [422]&gt;.status_code</failure></testcase><testcase classname="tests.test_prelaunch_features.TestRegularLogin" name="test_driver_login" time="0.301" /><testcase classname="tests.test_prelaunch_features.TestRegularLogin" name="test_invalid_login" time="0.259" /><testcase classname="tests.test_prelaunch_features.TestCoreFeatures" name="test_health_check" time="0.039" /><testcase classname="tests.test_prelaunch_features.TestCoreFeatures" name="test_parking_spots" time="0.039" /><testcase classname="tests.test_prelaunch_features.TestCoreFeatures" name="test_live_updates" time="0.041" /><testcase classname="tests.test_prelaunch_features.TestCoreFeatures" name="test_loads" time="0.039"><failure message="assert 520 == 200&#10; +  where 520 = &lt;Response [520]&gt;.status_code">tests/test_prelaunch_features.py:188: in test_loads
    assert response.status_code == 200
E   assert 520 == 200
E    +  where 520 = &lt;Response [520]&gt;.status_code</failure></testcase></testsuite></testsuites>