<?xml version="1.0" encoding="utf-8"?><testsuites name="pytest tests"><testsuite name="pytest" errors="0" failures="0" skipped="0" tests="22" time="1.117" timestamp="2026-01-11T02:17:59.942426+00:00" hostname="agent-env-aa8f9e65-41bb-4a2d-b07c-c13e5a05068f"><testcase classname="tests.test_engagement_features_iteration6.TestHealthCheck" name="test_api_health" time="0.072" /><testcase classname="tests.test_engagement_features_iteration6.TestGamificationBadges" name="test_get_all_badges" time="0.040" /><testcase classname="tests.test_engagement_features_iteration6.TestGamificationUser" name="test_get_user_gamification" time="0.078" /><testcase classname="tests.test_engagement_features_iteration6.TestGamificationUser" name="test_get_user_gamification_invalid_user" time="0.041" /><testcase classname="tests.test_engagement_features_iteration6.TestGamificationCheckin" name="test_daily_checkin" time="0.038" /><testcase classname="tests.test_engagement_features_iteration6.TestGamificationLeaderboard" name="test_get_leaderboard_points" time="0.042" /><testcase classname="tests.test_engagement_features_iteration6.TestGamificationLeaderboard" name="test_get_leaderboard_streak" time="0.035" /><testcase classname="tests.test_engagement_features_iteration6.TestGamificationChallenges" name="test_get_challenges" time="0.035" /><testcase classname="tests.test_engagement_features_iteration6.TestRewardsCatalog" name="test_get_rewards_catalog" time="0.034" /><testcase classname="tests.test_engagement_features_iteration6.TestRewardsUser" name="test_get_user_rewards" time="0.043" /><testcase classname="tests.test_engagement_features_iteration6.TestRewardsUser" name="test_get_user_rewards_invalid_user" time="0.042" /><testcase classname="tests.test_engagement_features_iteration6.TestMaintenanceDefaults" name="test_get_maintenance_defaults" time="0.038" /><testcase classname="tests.test_engagement_features_iteration6.TestMaintenanceUser" name="test_get_user_maintenance" time="0.041" /><testcase classname="tests.test_engagement_features_iteration6.TestMaintenanceUser" name="test_add_maintenance_item" time="0.068" /><testcase classname="tests.test_engagement_features_iteration6.TestMaintenanceUser" name="test_add_maintenance_invalid_type" time="0.036" /><testcase classname="tests.test_engagement_features_iteration6.TestMentors" name="test_get_mentors" time="0.040" /><testcase classname="tests.test_engagement_features_iteration6.TestMentors" name="test_get_mentors_by_specialty" time="0.076" /><testcase classname="tests.test_engagement_features_iteration6.TestDriverSpotlight" name="test_get_weekly_spotlight" time="0.036" /><testcase classname="tests.test_engagement_features_iteration6.TestMentorRequests" name="test_get_mentor_requests" time="0.041" /><testcase classname="tests.test_engagement_features_iteration6.TestMentorRequests" name="test_get_mentor_requests_as_mentor" time="0.036" /><testcase classname="tests.test_engagement_features_iteration6.TestRewardRedemption" name="test_redeem_reward_insufficient_points" time="0.110" /><testcase classname="tests.test_engagement_features_iteration6.TestRewardRedemption" name="test_redeem_reward_invalid_reward" time="0.036" /></testsuite></testsuites>