<?xml version="1.0" encoding="utf-8"?><testsuites name="pytest tests"><testsuite name="pytest" errors="0" failures="3" skipped="0" tests="17" time="1.153" timestamp="2026-01-11T00:42:21.779433+00:00" hostname="agent-env-aa8f9e65-41bb-4a2d-b07c-c13e5a05068f"><testcase classname="tests.test_new_features_iteration4.TestAnalyticsDashboard" name="test_get_analytics_week" time="0.076" /><testcase classname="tests.test_new_features_iteration4.TestAnalyticsDashboard" name="test_get_analytics_month" time="0.043" /><testcase classname="tests.test_new_features_iteration4.TestAnalyticsDashboard" name="test_get_analytics_year" time="0.049" /><testcase classname="tests.test_new_features_iteration4.TestRoutePlanner" name="test_plan_route" time="0.046"><failure message="AssertionError: Expected 200, got 422: {&quot;detail&quot;:[{&quot;type&quot;:&quot;missing&quot;,&quot;loc&quot;:[&quot;body&quot;,&quot;origin_address&quot;],&quot;msg&quot;:&quot;Field required&quot;,&quot;input&quot;:{&quot;origin&quot;:&quot;Dallas, TX&quot;,&quot;origin_lat&quot;:32.7767,&quot;origin_lng&quot;:-96.797,&quot;destination&quot;:&quot;Atlanta, GA&quot;,&quot;destination_lat&quot;:33.749,&quot;destination_lng&quot;:-84.388,&quot;truck_height&quot;:13.6,&quot;truck_weight&quot;:80000,&quot;hazmat&quot;:false,&quot;avoid_tolls&quot;:false},&quot;url&quot;:&quot;https://errors.pydantic.dev/2.12/v/missing&quot;},{&quot;type&quot;:&quot;missing&quot;,&quot;loc&quot;:[&quot;body&quot;,&quot;destination_address&quot;],&quot;msg&quot;:&quot;Field required&quot;,&quot;input&quot;:{&quot;origin&quot;:&quot;Dallas, TX&quot;,&quot;origin_lat&quot;:32.7767,&quot;origin_lng&quot;:-96.797,&quot;destination&quot;:&quot;Atlanta, GA&quot;,&quot;destination_lat&quot;:33.749,&quot;destination_lng&quot;:-84.388,&quot;truck_height&quot;:13.6,&quot;truck_weight&quot;:80000,&quot;hazmat&quot;:false,&quot;avoid_tolls&quot;:false},&quot;url&quot;:&quot;https://errors.pydantic.dev/2.12/v/missing&quot;}]}&#10;assert 422 == 200&#10; +  where 422 = &lt;Response [422]&gt;.status_code">tests/test_new_features_iteration4.py:70: in test_plan_route
    assert response.status_code == 200, f"Expected 200, got {response.status_code}: {response.text}"
E   AssertionError: Expected 200, got 422: {"detail":[{"type":"missing","loc":["body","origin_address"],"msg":"Field required","input":{"origin":"Dallas, TX","origin_lat":32.7767,"origin_lng":-96.797,"destination":"Atlanta, GA","destination_lat":33.749,"destination_lng":-84.388,"truck_height":13.6,"truck_weight":80000,"hazmat":false,"avoid_tolls":false},"url":"https://errors.pydantic.dev/2.12/v/missing"},{"type":"missing","loc":["body","destination_address"],"msg":"Field required","input":{"origin":"Dallas, TX","origin_lat":32.7767,"origin_lng":-96.797,"destination":"Atlanta, GA","destination_lat":33.749,"destination_lng":-84.388,"truck_height":13.6,"truck_weight":80000,"hazmat":false,"avoid_tolls":false},"url":"https://errors.pydantic.dev/2.12/v/missing"}]}
E   assert 422 == 200
E    +  where 422 = &lt;Response [422]&gt;.status_code</failure></testcase><testcase classname="tests.test_new_features_iteration4.TestRoutePlanner" name="test_plan_route_with_hazmat" time="0.037"><failure message="AssertionError: Expected 200, got 422: {&quot;detail&quot;:[{&quot;type&quot;:&quot;missing&quot;,&quot;loc&quot;:[&quot;body&quot;,&quot;origin_address&quot;],&quot;msg&quot;:&quot;Field required&quot;,&quot;input&quot;:{&quot;origin&quot;:&quot;Los Angeles, CA&quot;,&quot;origin_lat&quot;:34.0522,&quot;origin_lng&quot;:-118.2437,&quot;destination&quot;:&quot;Phoenix, AZ&quot;,&quot;destination_lat&quot;:33.4484,&quot;destination_lng&quot;:-112.074,&quot;truck_height&quot;:13.6,&quot;truck_weight&quot;:80000,&quot;hazmat&quot;:true,&quot;avoid_tolls&quot;:true},&quot;url&quot;:&quot;https://errors.pydantic.dev/2.12/v/missing&quot;},{&quot;type&quot;:&quot;missing&quot;,&quot;loc&quot;:[&quot;body&quot;,&quot;destination_address&quot;],&quot;msg&quot;:&quot;Field required&quot;,&quot;input&quot;:{&quot;origin&quot;:&quot;Los Angeles, CA&quot;,&quot;origin_lat&quot;:34.0522,&quot;origin_lng&quot;:-118.2437,&quot;destination&quot;:&quot;Phoenix, AZ&quot;,&quot;destination_lat&quot;:33.4484,&quot;destination_lng&quot;:-112.074,&quot;truck_height&quot;:13.6,&quot;truck_weight&quot;:80000,&quot;hazmat&quot;:true,&quot;avoid_tolls&quot;:true},&quot;url&quot;:&quot;https://errors.pydantic.dev/2.12/v/missing&quot;}]}&#10;assert 422 == 200&#10; +  where 422 = &lt;Response [422]&gt;.status_code">tests/test_new_features_iteration4.py:94: in test_plan_route_with_hazmat
    assert response.status_code == 200, f"Expected 200, got {response.status_code}: {response.text}"
E   AssertionError: Expected 200, got 422: {"detail":[{"type":"missing","loc":["body","origin_address"],"msg":"Field required","input":{"origin":"Los Angeles, CA","origin_lat":34.0522,"origin_lng":-118.2437,"destination":"Phoenix, AZ","destination_lat":33.4484,"destination_lng":-112.074,"truck_height":13.6,"truck_weight":80000,"hazmat":true,"avoid_tolls":true},"url":"https://errors.pydantic.dev/2.12/v/missing"},{"type":"missing","loc":["body","destination_address"],"msg":"Field required","input":{"origin":"Los Angeles, CA","origin_lat":34.0522,"origin_lng":-118.2437,"destination":"Phoenix, AZ","destination_lat":33.4484,"destination_lng":-112.074,"truck_height":13.6,"truck_weight":80000,"hazmat":true,"avoid_tolls":true},"url":"https://errors.pydantic.dev/2.12/v/missing"}]}
E   assert 422 == 200
E    +  where 422 = &lt;Response [422]&gt;.status_code</failure></testcase><testcase classname="tests.test_new_features_iteration4.TestRoutePlanner" name="test_get_route_history" time="0.053" /><testcase classname="tests.test_new_features_iteration4.TestVoiceCommands" name="test_voice_search_parking" time="0.040" /><testcase classname="tests.test_new_features_iteration4.TestVoiceCommands" name="test_voice_search_fuel" time="0.043" /><testcase classname="tests.test_new_features_iteration4.TestVoiceCommands" name="test_voice_search_loads" time="0.041" /><testcase classname="tests.test_new_features_iteration4.TestVoiceCommands" name="test_voice_search_weather" time="0.043" /><testcase classname="tests.test_new_features_iteration4.TestPhotoReviews" name="test_create_photo_review" time="0.100" /><testcase classname="tests.test_new_features_iteration4.TestPhotoReviews" name="test_get_photo_reviews" time="0.120" /><testcase classname="tests.test_new_features_iteration4.TestPhotoReviews" name="test_mark_review_helpful" time="0.121" /><testcase classname="tests.test_new_features_iteration4.TestInAppMessaging" name="test_get_conversations" time="0.041" /><testcase classname="tests.test_new_features_iteration4.TestInAppMessaging" name="test_send_message" time="0.059"><failure message="AssertionError: assert 'message_id' in {'attachment_url': None, 'created_at': '2026-01-11T00:42:22.823487Z', 'id': '156c74df-a820-4167-afaa-1845907b7737', 'is_read': False, ...}">tests/test_new_features_iteration4.py:264: in test_send_message
    assert "message_id" in data
E   AssertionError: assert 'message_id' in {'attachment_url': None, 'created_at': '2026-01-11T00:42:22.823487Z', 'id': '156c74df-a820-4167-afaa-1845907b7737', 'is_read': False, ...}</failure></testcase><testcase classname="tests.test_new_features_iteration4.TestInAppMessaging" name="test_get_messages_between_users" time="0.042" /><testcase classname="tests.test_new_features_iteration4.TestPushNotifications" name="test_get_vapid_key" time="0.039" /></testsuite></testsuites>