<?xml version="1.0" encoding="utf-8"?><testsuites name="pytest tests"><testsuite name="pytest" errors="0" failures="0" skipped="0" tests="36" time="1.682" timestamp="2026-01-11T02:39:15.063058+00:00" hostname="agent-env-aa8f9e65-41bb-4a2d-b07c-c13e5a05068f"><testcase classname="tests.test_launch_readiness_iteration7.TestHealthAndAuth" name="test_api_health" time="0.058" /><testcase classname="tests.test_launch_readiness_iteration7.TestHealthAndAuth" name="test_driver_login" time="0.271" /><testcase classname="tests.test_launch_readiness_iteration7.TestHealthAndAuth" name="test_invalid_login" time="0.036" /><testcase classname="tests.test_launch_readiness_iteration7.TestHOSTracker" name="test_hos_rules" time="0.035" /><testcase classname="tests.test_launch_readiness_iteration7.TestHOSTracker" name="test_hos_summary" time="0.039" /><testcase classname="tests.test_launch_readiness_iteration7.TestHOSTracker" name="test_hos_log_status_change" time="0.044" /><testcase classname="tests.test_launch_readiness_iteration7.TestHOSTracker" name="test_hos_logs_retrieval" time="0.038" /><testcase classname="tests.test_launch_readiness_iteration7.TestHOSTracker" name="test_hos_restart_calculator" time="0.037" /><testcase classname="tests.test_launch_readiness_iteration7.TestTruckWeight" name="test_weight_limits" time="0.038" /><testcase classname="tests.test_launch_readiness_iteration7.TestTruckWeight" name="test_weight_profiles" time="0.041" /><testcase classname="tests.test_launch_readiness_iteration7.TestTruckWeight" name="test_create_truck_profile" time="0.038" /><testcase classname="tests.test_launch_readiness_iteration7.TestGamification" name="test_badges_list" time="0.040" /><testcase classname="tests.test_launch_readiness_iteration7.TestGamification" name="test_user_gamification" time="0.038" /><testcase classname="tests.test_launch_readiness_iteration7.TestGamification" name="test_leaderboard" time="0.040" /><testcase classname="tests.test_launch_readiness_iteration7.TestGamification" name="test_challenges" time="0.035" /><testcase classname="tests.test_launch_readiness_iteration7.TestRewardsStore" name="test_rewards_catalog" time="0.035" /><testcase classname="tests.test_launch_readiness_iteration7.TestRewardsStore" name="test_user_rewards" time="0.041" /><testcase classname="tests.test_launch_readiness_iteration7.TestCommunityBoard" name="test_community_categories" time="0.035" /><testcase classname="tests.test_launch_readiness_iteration7.TestCommunityBoard" name="test_community_posts" time="0.035" /><testcase classname="tests.test_launch_readiness_iteration7.TestReferralSystem" name="test_referral_code" time="0.034" /><testcase classname="tests.test_launch_readiness_iteration7.TestReferralSystem" name="test_referral_stats" time="0.037" /><testcase classname="tests.test_launch_readiness_iteration7.TestMaintenanceTracker" name="test_maintenance_defaults" time="0.036" /><testcase classname="tests.test_launch_readiness_iteration7.TestMaintenanceTracker" name="test_user_maintenance" time="0.045" /><testcase classname="tests.test_launch_readiness_iteration7.TestMentorSystem" name="test_mentors_list" time="0.035" /><testcase classname="tests.test_launch_readiness_iteration7.TestMentorSystem" name="test_mentor_requests" time="0.039" /><testcase classname="tests.test_launch_readiness_iteration7.TestRoutePlanner" name="test_plan_route" time="0.037" /><testcase classname="tests.test_launch_readiness_iteration7.TestAnalyticsDashboard" name="test_driver_analytics" time="0.037" /><testcase classname="tests.test_launch_readiness_iteration7.TestFeedbackForm" name="test_submit_feedback" time="0.038" /><testcase classname="tests.test_launch_readiness_iteration7.TestLoadBoard" name="test_get_loads" time="0.038" /><testcase classname="tests.test_launch_readiness_iteration7.TestEmergencySOS" name="test_emergency_contacts" time="0.045" /><testcase classname="tests.test_launch_readiness_iteration7.TestEmergencySOS" name="test_add_emergency_contact" time="0.039" /><testcase classname="tests.test_launch_readiness_iteration7.TestParkingSpots" name="test_get_spots" time="0.036" /><testcase classname="tests.test_launch_readiness_iteration7.TestParkingSpots" name="test_live_updates" time="0.037" /><testcase classname="tests.test_launch_readiness_iteration7.TestWeatherAlerts" name="test_get_weather_alerts" time="0.035" /><testcase classname="tests.test_launch_readiness_iteration7.TestMessaging" name="test_get_conversations" time="0.034" /><testcase classname="tests.test_launch_readiness_iteration7.TestNotifications" name="test_get_notifications" time="0.037" /></testsuite></testsuites>