<?xml version="1.0" encoding="utf-8"?><testsuites name="pytest tests"><testsuite name="pytest" errors="0" failures="0" skipped="0" tests="26" time="1.842" timestamp="2026-01-10T02:43:35.755517+00:00" hostname="agent-env-226fa45d-0914-43c9-aafc-b1c9878eaa52"><testcase classname="tests.test_trukall_api.TestAuthentication" name="test_driver_login" time="0.282" /><testcase classname="tests.test_trukall_api.TestAuthentication" name="test_partner_login" time="0.267" /><testcase classname="tests.test_trukall_api.TestAuthentication" name="test_admin_login" time="0.257" /><testcase classname="tests.test_trukall_api.TestAuthentication" name="test_invalid_login" time="0.080" /><testcase classname="tests.test_trukall_api.TestEmergencySOS" name="test_send_emergency_sos" time="0.039" /><testcase classname="tests.test_trukall_api.TestEmergencySOS" name="test_get_active_emergencies" time="0.039" /><testcase classname="tests.test_trukall_api.TestEmergencySOS" name="test_get_driver_sos_history" time="0.044" /><testcase classname="tests.test_trukall_api.TestCompliance" name="test_get_compliance_status" time="0.038" /><testcase classname="tests.test_trukall_api.TestParkingSpots" name="test_get_parking_spots" time="0.040" /><testcase classname="tests.test_trukall_api.TestParkingSpots" name="test_get_parking_spots_by_city" time="0.040" /><testcase classname="tests.test_trukall_api.TestSubscriptionPlans" name="test_get_subscription_plans" time="0.038" /><testcase classname="tests.test_trukall_api.TestSubscriptionPlans" name="test_get_user_subscription" time="0.038" /><testcase classname="tests.test_trukall_api.TestLiveParkingUpdates" name="test_get_live_updates" time="0.044" /><testcase classname="tests.test_trukall_api.TestFuelPrices" name="test_get_fuel_prices" time="0.039" /><testcase classname="tests.test_trukall_api.TestFuelPrices" name="test_get_cheapest_fuel" time="0.040" /><testcase classname="tests.test_trukall_api.TestFuelPrices" name="test_get_fuel_averages" time="0.042" /><testcase classname="tests.test_trukall_api.TestLoadBoard" name="test_get_loads" time="0.036" /><testcase classname="tests.test_trukall_api.TestShowerCredits" name="test_get_shower_credits" time="0.038" /><testcase classname="tests.test_trukall_api.TestShowerCredits" name="test_get_shower_totals" time="0.036" /><testcase classname="tests.test_trukall_api.TestBrokerRatings" name="test_get_fraud_alerts" time="0.037" /><testcase classname="tests.test_trukall_api.TestRetailParking" name="test_get_retail_parking" time="0.038" /><testcase classname="tests.test_trukall_api.TestRetailParking" name="test_get_retail_chains" time="0.038" /><testcase classname="tests.test_trukall_api.TestDashboardNavigation" name="test_get_driver_bookings" time="0.037" /><testcase classname="tests.test_trukall_api.TestDashboardNavigation" name="test_get_driver_expenses" time="0.036" /><testcase classname="tests.test_trukall_api.TestDashboardNavigation" name="test_get_convoy_posts" time="0.078" /><testcase classname="tests.test_trukall_api.TestDashboardNavigation" name="test_get_hos_status" time="0.042" /></testsuite></testsuites>