<?xml version="1.0" encoding="utf-8"?><testsuites name="pytest tests"><testsuite name="pytest" errors="0" failures="1" skipped="0" tests="12" time="1.343" timestamp="2026-01-11T03:56:56.579925+00:00" hostname="agent-env-c6a9d646-4ea7-456e-8a1b-5e89fc8be69d"><testcase classname="tests.test_prelaunch_features.TestDemoAccount" name="test_demo_login_endpoint" time="0.053" /><testcase classname="tests.test_prelaunch_features.TestDemoAccount" name="test_demo_login_multiple_times" time="0.080" /><testcase classname="tests.test_prelaunch_features.TestForgotPassword" name="test_forgot_password_existing_user" time="0.042" /><testcase classname="tests.test_prelaunch_features.TestForgotPassword" name="test_forgot_password_nonexistent_user" time="0.039" /><testcase classname="tests.test_prelaunch_features.TestForgotPassword" name="test_reset_password_with_token" time="0.303" /><testcase classname="tests.test_prelaunch_features.TestForgotPassword" name="test_reset_password_invalid_token" time="0.080" /><testcase classname="tests.test_prelaunch_features.TestRegularLogin" name="test_driver_login" time="0.259" /><testcase classname="tests.test_prelaunch_features.TestRegularLogin" name="test_invalid_login" time="0.263" /><testcase classname="tests.test_prelaunch_features.TestCoreFeatures" name="test_health_check" time="0.032" /><testcase classname="tests.test_prelaunch_features.TestCoreFeatures" name="test_parking_spots" time="0.041" /><testcase classname="tests.test_prelaunch_features.TestCoreFeatures" name="test_live_updates" time="0.039" /><testcase classname="tests.test_prelaunch_features.TestCoreFeatures" name="test_loads" time="0.037"><failure message="assert 520 == 200&#10; +  where 520 = &lt;Response [520]&gt;.status_code">tests/test_prelaunch_features.py:189: in test_loads
    assert response.status_code == 200
E   assert 520 == 200
E    +  where 520 = &lt;Response [520]&gt;.status_code</failure></testcase></testsuite></testsuites>