<?xml version="1.0" encoding="utf-8"?><testsuites name="pytest tests"><testsuite name="pytest" errors="0" failures="0" skipped="0" tests="24" time="2.265" timestamp="2026-01-10T03:22:12.010223+00:00" hostname="agent-env-226fa45d-0914-43c9-aafc-b1c9878eaa52"><testcase classname="tests.test_trukall_new_features.TestAuthentication" name="test_driver_login" time="0.316" /><testcase classname="tests.test_trukall_new_features.TestAuthentication" name="test_partner_login" time="0.267" /><testcase classname="tests.test_trukall_new_features.TestAuthentication" name="test_admin_login" time="0.262" /><testcase classname="tests.test_trukall_new_features.TestNotificationSystem" name="test_get_notifications" time="0.040" /><testcase classname="tests.test_trukall_new_features.TestNotificationSystem" name="test_get_notifications_unread_only" time="0.044" /><testcase classname="tests.test_trukall_new_features.TestNotificationSystem" name="test_get_notification_count" time="0.077" /><testcase classname="tests.test_trukall_new_features.TestNotificationSystem" name="test_mark_notification_read" time="0.083" /><testcase classname="tests.test_trukall_new_features.TestNotificationSystem" name="test_mark_all_notifications_read" time="0.041" /><testcase classname="tests.test_trukall_new_features.TestShareLocation" name="test_share_location" time="0.036" /><testcase classname="tests.test_trukall_new_features.TestShareLocation" name="test_get_shared_locations" time="0.041" /><testcase classname="tests.test_trukall_new_features.TestShareLocation" name="test_get_my_shared_locations" time="0.039" /><testcase classname="tests.test_trukall_new_features.TestPartnerSubscriptionPlans" name="test_get_all_subscription_plans" time="0.037" /><testcase classname="tests.test_trukall_new_features.TestPartnerSubscriptionPlans" name="test_get_partner_subscription_plans" time="0.035" /><testcase classname="tests.test_trukall_new_features.TestPartnerSubscriptionPlans" name="test_get_driver_subscription_plans" time="0.035" /><testcase classname="tests.test_trukall_new_features.TestConvoyWithNotifications" name="test_get_convoy_posts" time="0.038" /><testcase classname="tests.test_trukall_new_features.TestConvoyWithNotifications" name="test_create_convoy_post" time="0.038" /><testcase classname="tests.test_trukall_new_features.TestConvoyWithNotifications" name="test_join_convoy_generates_notification" time="0.314" /><testcase classname="tests.test_trukall_new_features.TestEmergencySOS" name="test_send_emergency_sos" time="0.041" /><testcase classname="tests.test_trukall_new_features.TestEmergencySOS" name="test_get_active_emergencies" time="0.035" /><testcase classname="tests.test_trukall_new_features.TestSpotReviews" name="test_get_spot_reviews" time="0.076" /><testcase classname="tests.test_trukall_new_features.TestSpotReviews" name="test_get_review_summary" time="0.116" /><testcase classname="tests.test_trukall_new_features.TestSpotReviews" name="test_create_review" time="0.078" /><testcase classname="tests.test_trukall_new_features.TestParkingSpots" name="test_get_parking_spots" time="0.037" /><testcase classname="tests.test_trukall_new_features.TestParkingSpots" name="test_get_single_spot" time="0.079" /></testsuite></testsuites>