<?xml version="1.0" encoding="utf-8"?><testsuites name="pytest tests"><testsuite name="pytest" errors="0" failures="3" skipped="0" tests="22" time="1.212" timestamp="2026-01-11T02:16:44.180908+00:00" hostname="agent-env-aa8f9e65-41bb-4a2d-b07c-c13e5a05068f"><testcase classname="tests.test_engagement_features_iteration6.TestHealthCheck" name="test_api_health" time="0.093" /><testcase classname="tests.test_engagement_features_iteration6.TestGamificationBadges" name="test_get_all_badges" time="0.041" /><testcase classname="tests.test_engagement_features_iteration6.TestGamificationUser" name="test_get_user_gamification" time="0.045" /><testcase classname="tests.test_engagement_features_iteration6.TestGamificationUser" name="test_get_user_gamification_invalid_user" time="0.037" /><testcase classname="tests.test_engagement_features_iteration6.TestGamificationCheckin" name="test_daily_checkin" time="0.102" /><testcase classname="tests.test_engagement_features_iteration6.TestGamificationLeaderboard" name="test_get_leaderboard_points" time="0.038" /><testcase classname="tests.test_engagement_features_iteration6.TestGamificationLeaderboard" name="test_get_leaderboard_streak" time="0.040" /><testcase classname="tests.test_engagement_features_iteration6.TestGamificationChallenges" name="test_get_challenges" time="0.039" /><testcase classname="tests.test_engagement_features_iteration6.TestRewardsCatalog" name="test_get_rewards_catalog" time="0.035" /><testcase classname="tests.test_engagement_features_iteration6.TestRewardsUser" name="test_get_user_rewards" time="0.038" /><testcase classname="tests.test_engagement_features_iteration6.TestRewardsUser" name="test_get_user_rewards_invalid_user" time="0.035" /><testcase classname="tests.test_engagement_features_iteration6.TestMaintenanceDefaults" name="test_get_maintenance_defaults" time="0.038"><failure message="assert False&#10; +  where False = isinstance([], dict)">tests/test_engagement_features_iteration6.py:242: in test_get_maintenance_defaults
    assert isinstance(defaults, dict)
E   assert False
E    +  where False = isinstance([], dict)</failure></testcase><testcase classname="tests.test_engagement_features_iteration6.TestMaintenanceUser" name="test_get_user_maintenance" time="0.040" /><testcase classname="tests.test_engagement_features_iteration6.TestMaintenanceUser" name="test_add_maintenance_item" time="0.041"><failure message="assert 422 == 200&#10; +  where 422 = &lt;Response [422]&gt;.status_code">tests/test_engagement_features_iteration6.py:292: in test_add_maintenance_item
    assert response.status_code == 200
E   assert 422 == 200
E    +  where 422 = &lt;Response [422]&gt;.status_code</failure></testcase><testcase classname="tests.test_engagement_features_iteration6.TestMaintenanceUser" name="test_add_maintenance_invalid_type" time="0.035"><failure message="assert 422 == 400&#10; +  where 422 = &lt;Response [422]&gt;.status_code">tests/test_engagement_features_iteration6.py:321: in test_add_maintenance_invalid_type
    assert response.status_code == 400
E   assert 422 == 400
E    +  where 422 = &lt;Response [422]&gt;.status_code</failure></testcase><testcase classname="tests.test_engagement_features_iteration6.TestMentors" name="test_get_mentors" time="0.040" /><testcase classname="tests.test_engagement_features_iteration6.TestMentors" name="test_get_mentors_by_specialty" time="0.038" /><testcase classname="tests.test_engagement_features_iteration6.TestDriverSpotlight" name="test_get_weekly_spotlight" time="0.038" /><testcase classname="tests.test_engagement_features_iteration6.TestMentorRequests" name="test_get_mentor_requests" time="0.039" /><testcase classname="tests.test_engagement_features_iteration6.TestMentorRequests" name="test_get_mentor_requests_as_mentor" time="0.037" /><testcase classname="tests.test_engagement_features_iteration6.TestRewardRedemption" name="test_redeem_reward_insufficient_points" time="0.114" /><testcase classname="tests.test_engagement_features_iteration6.TestRewardRedemption" name="test_redeem_reward_invalid_reward" time="0.037" /></testsuite></testsuites>