<?xml version="1.0" encoding="utf-8"?><testsuites name="pytest tests"><testsuite name="pytest" errors="0" failures="0" skipped="0" tests="17" time="1.161" timestamp="2026-01-11T00:45:22.396978+00:00" hostname="agent-env-aa8f9e65-41bb-4a2d-b07c-c13e5a05068f"><testcase classname="tests.test_new_features_iteration4.TestAnalyticsDashboard" name="test_get_analytics_week" time="0.079" /><testcase classname="tests.test_new_features_iteration4.TestAnalyticsDashboard" name="test_get_analytics_month" time="0.044" /><testcase classname="tests.test_new_features_iteration4.TestAnalyticsDashboard" name="test_get_analytics_year" time="0.042" /><testcase classname="tests.test_new_features_iteration4.TestRoutePlanner" name="test_plan_route" time="0.096" /><testcase classname="tests.test_new_features_iteration4.TestRoutePlanner" name="test_plan_route_with_hazmat" time="0.041" /><testcase classname="tests.test_new_features_iteration4.TestRoutePlanner" name="test_get_route_history" time="0.042" /><testcase classname="tests.test_new_features_iteration4.TestVoiceCommands" name="test_voice_search_parking" time="0.042" /><testcase classname="tests.test_new_features_iteration4.TestVoiceCommands" name="test_voice_search_fuel" time="0.036" /><testcase classname="tests.test_new_features_iteration4.TestVoiceCommands" name="test_voice_search_loads" time="0.039" /><testcase classname="tests.test_new_features_iteration4.TestVoiceCommands" name="test_voice_search_weather" time="0.038" /><testcase classname="tests.test_new_features_iteration4.TestPhotoReviews" name="test_create_photo_review" time="0.127" /><testcase classname="tests.test_new_features_iteration4.TestPhotoReviews" name="test_get_photo_reviews" time="0.136" /><testcase classname="tests.test_new_features_iteration4.TestPhotoReviews" name="test_mark_review_helpful" time="0.124" /><testcase classname="tests.test_new_features_iteration4.TestInAppMessaging" name="test_get_conversations" time="0.038" /><testcase classname="tests.test_new_features_iteration4.TestInAppMessaging" name="test_send_message" time="0.043" /><testcase classname="tests.test_new_features_iteration4.TestInAppMessaging" name="test_get_messages_between_users" time="0.080" /><testcase classname="tests.test_new_features_iteration4.TestPushNotifications" name="test_get_vapid_key" time="0.038" /></testsuite></testsuites>