<?xml version="1.0" encoding="utf-8"?><testsuites name="pytest tests"><testsuite name="pytest" errors="0" failures="0" skipped="0" tests="19" time="1.502" timestamp="2026-01-11T01:38:13.674530+00:00" hostname="agent-env-aa8f9e65-41bb-4a2d-b07c-c13e5a05068f"><testcase classname="tests.test_new_features_iteration5.TestHealthCheck" name="test_api_health" time="0.073" /><testcase classname="tests.test_new_features_iteration5.TestFeedbackAPI" name="test_submit_feedback_general" time="0.056" /><testcase classname="tests.test_new_features_iteration5.TestFeedbackAPI" name="test_submit_feedback_bug_report" time="0.075" /><testcase classname="tests.test_new_features_iteration5.TestFeedbackAPI" name="test_submit_feedback_feature_request" time="0.045" /><testcase classname="tests.test_new_features_iteration5.TestFeedbackAPI" name="test_get_user_feedback" time="0.080" /><testcase classname="tests.test_new_features_iteration5.TestCommunityBoardAPI" name="test_get_community_categories" time="0.038" /><testcase classname="tests.test_new_features_iteration5.TestCommunityBoardAPI" name="test_get_community_posts" time="0.075" /><testcase classname="tests.test_new_features_iteration5.TestCommunityBoardAPI" name="test_get_community_posts_by_category" time="0.044" /><testcase classname="tests.test_new_features_iteration5.TestCommunityBoardAPI" name="test_create_community_post" time="0.048" /><testcase classname="tests.test_new_features_iteration5.TestCommunityBoardAPI" name="test_get_single_community_post" time="0.082" /><testcase classname="tests.test_new_features_iteration5.TestCommunityBoardAPI" name="test_like_community_post" time="0.076" /><testcase classname="tests.test_new_features_iteration5.TestCommunityBoardAPI" name="test_add_comment_to_post" time="0.130" /><testcase classname="tests.test_new_features_iteration5.TestReferralSystemAPI" name="test_get_referral_code" time="0.044" /><testcase classname="tests.test_new_features_iteration5.TestReferralSystemAPI" name="test_get_referral_stats" time="0.044" /><testcase classname="tests.test_new_features_iteration5.TestReferralSystemAPI" name="test_get_referral_leaderboard" time="0.037" /><testcase classname="tests.test_new_features_iteration5.TestReferralSystemAPI" name="test_apply_invalid_referral_code" time="0.038" /><testcase classname="tests.test_new_features_iteration5.TestAppConfigAPI" name="test_get_app_config" time="0.037" /><testcase classname="tests.test_new_features_iteration5.TestIntegration" name="test_feedback_awards_points" time="0.307" /><testcase classname="tests.test_new_features_iteration5.TestIntegration" name="test_community_post_awards_points" time="0.041" /></testsuite></testsuites>